# JRE version: Java(TM) SE Runtime Environment (8.0_152-b16) (build 1.8.0_152-b16)
# Java VM: Java HotSpot(TM) 64-Bit Server VM (25.152-b16 mixed mode windows-amd64 compressed oops)
Heap:
 PSYoungGen      total 424960K, used 139781K [0x00000000d5b00000, 0x00000000f3900000, 0x0000000100000000)
  eden space 409600K, 34% used [0x00000000d5b00000,0x00000000de381698,0x00000000eeb00000)
  from space 15360K, 0% used [0x00000000efa80000,0x00000000efa80000,0x00000000f0980000)
  to   space 15872K, 0% used [0x00000000eeb00000,0x00000000eeb00000,0x00000000efa80000)
 ParOldGen       total 81408K, used 23371K [0x0000000081000000, 0x0000000085f80000, 0x00000000d5b00000)
  object space 81408K, 28% used [0x0000000081000000,0x00000000826d2ea0,0x0000000085f80000)
 Metaspace       used 47017K, capacity 48400K, committed 48512K, reserved 1091584K
  class space    used 6143K, capacity 6428K, committed 6528K, reserved 1048576K
GC Heap History (10 events):
Event: 6.232 GC heap before
{Heap before GC invocations=6 (full 1):
 PSYoungGen      total 138240K, used 5104K [0x00000000d5b00000, 0x00000000e7300000, 0x0000000100000000)
  eden space 133120K, 0% used [0x00000000d5b00000,0x00000000d5b00000,0x00000000ddd00000)
  from space 5120K, 99% used [0x00000000ddd00000,0x00000000de1fc310,0x00000000de200000)
  to   space 10240K, 0% used [0x00000000e6900000,0x00000000e6900000,0x00000000e7300000)
 ParOldGen       total 87552K, used 6389K [0x0000000081000000, 0x0000000086580000, 0x00000000d5b00000)
  object space 87552K, 7% used [0x0000000081000000,0x000000008163d5f0,0x0000000086580000)
 Metaspace       used 20682K, capacity 21190K, committed 21296K, reserved 1069056K
  class space    used 2529K, capacity 2678K, committed 2688K, reserved 1048576K
Event: 6.450 GC heap after
Heap after GC invocations=6 (full 1):
 PSYoungGen      total 138240K, used 0K [0x00000000d5b00000, 0x00000000e7300000, 0x0000000100000000)
  eden space 133120K, 0% used [0x00000000d5b00000,0x00000000d5b00000,0x00000000ddd00000)
  from space 5120K, 0% used [0x00000000ddd00000,0x00000000ddd00000,0x00000000de200000)
  to   space 10240K, 0% used [0x00000000e6900000,0x00000000e6900000,0x00000000e7300000)
 ParOldGen       total 51200K, used 7530K [0x0000000081000000, 0x0000000084200000, 0x00000000d5b00000)
  object space 51200K, 14% used [0x0000000081000000,0x000000008175a8e8,0x0000000084200000)
 Metaspace       used 20682K, capacity 21190K, committed 21296K, reserved 1069056K
  class space    used 2529K, capacity 2678K, committed 2688K, reserved 1048576K
}
Event: 8.303 GC heap before
{Heap before GC invocations=7 (full 1):
 PSYoungGen      total 138240K, used 133120K [0x00000000d5b00000, 0x00000000e7300000, 0x0000000100000000)
  eden space 133120K, 100% used [0x00000000d5b00000,0x00000000ddd00000,0x00000000ddd00000)
  from space 5120K, 0% used [0x00000000ddd00000,0x00000000ddd00000,0x00000000de200000)
  to   space 10240K, 0% used [0x00000000e6900000,0x00000000e6900000,0x00000000e7300000)
 ParOldGen       total 51200K, used 7530K [0x0000000081000000, 0x0000000084200000, 0x00000000d5b00000)
  object space 51200K, 14% used [0x0000000081000000,0x000000008175a8e8,0x0000000084200000)
 Metaspace       used 23687K, capacity 24438K, committed 24704K, reserved 1071104K
  class space    used 2931K, capacity 3094K, committed 3200K, reserved 1048576K
Event: 8.321 GC heap after
Heap after GC invocations=7 (full 1):
 PSYoungGen      total 241664K, used 4926K [0x00000000d5b00000, 0x00000000e6e00000, 0x0000000100000000)
  eden space 236544K, 0% used [0x00000000d5b00000,0x00000000d5b00000,0x00000000e4200000)
  from space 5120K, 96% used [0x00000000e6900000,0x00000000e6dcf910,0x00000000e6e00000)
  to   space 9728K, 0% used [0x00000000e5b00000,0x00000000e5b00000,0x00000000e6480000)
 ParOldGen       total 51200K, used 7538K [0x0000000081000000, 0x0000000084200000, 0x00000000d5b00000)
  object space 51200K, 14% used [0x0000000081000000,0x000000008175c8e8,0x0000000084200000)
 Metaspace       used 23687K, capacity 24438K, committed 24704K, reserved 1071104K
  class space    used 2931K, capacity 3094K, committed 3200K, reserved 1048576K
}
Event: 12.604 GC heap before
{Heap before GC invocations=8 (full 1):
 PSYoungGen      total 241664K, used 241470K [0x00000000d5b00000, 0x00000000e6e00000, 0x0000000100000000)
  eden space 236544K, 100% used [0x00000000d5b00000,0x00000000e4200000,0x00000000e4200000)
  from space 5120K, 96% used [0x00000000e6900000,0x00000000e6dcf910,0x00000000e6e00000)
  to   space 9728K, 0% used [0x00000000e5b00000,0x00000000e5b00000,0x00000000e6480000)
 ParOldGen       total 51200K, used 7538K [0x0000000081000000, 0x0000000084200000, 0x00000000d5b00000)
  object space 51200K, 14% used [0x0000000081000000,0x000000008175c8e8,0x0000000084200000)
 Metaspace       used 33290K, capacity 34336K, committed 34432K, reserved 1079296K
  class space    used 4234K, capacity 4448K, committed 4480K, reserved 1048576K
Event: 12.691 GC heap after
Heap after GC invocations=8 (full 1):
 PSYoungGen      total 271872K, used 9703K [0x00000000d5b00000, 0x00000000f0980000, 0x0000000100000000)
  eden space 262144K, 0% used [0x00000000d5b00000,0x00000000d5b00000,0x00000000e5b00000)
  from space 9728K, 99% used [0x00000000e5b00000,0x00000000e6479e10,0x00000000e6480000)
  to   space 15360K, 0% used [0x00000000efa80000,0x00000000efa80000,0x00000000f0980000)
 ParOldGen       total 51200K, used 15258K [0x0000000081000000, 0x0000000084200000, 0x00000000d5b00000)
  object space 51200K, 29% used [0x0000000081000000,0x0000000081ee6b38,0x0000000084200000)
 Metaspace       used 33290K, capacity 34336K, committed 34432K, reserved 1079296K
  class space    used 4234K, capacity 4448K, committed 4480K, reserved 1048576K
}
Event: 13.156 GC heap before
{Heap before GC invocations=9 (full 1):
 PSYoungGen      total 271872K, used 32414K [0x00000000d5b00000, 0x00000000f0980000, 0x0000000100000000)
  eden space 262144K, 8% used [0x00000000d5b00000,0x00000000d712dce0,0x00000000e5b00000)
  from space 9728K, 99% used [0x00000000e5b00000,0x00000000e6479e10,0x00000000e6480000)
  to   space 15360K, 0% used [0x00000000efa80000,0x00000000efa80000,0x00000000f0980000)
 ParOldGen       total 51200K, used 15258K [0x0000000081000000, 0x0000000084200000, 0x00000000d5b00000)
  object space 51200K, 29% used [0x0000000081000000,0x0000000081ee6b38,0x0000000084200000)
 Metaspace       used 34322K, capacity 35442K, committed 35496K, reserved 1081344K
  class space    used 4360K, capacity 4595K, committed 4608K, reserved 1048576K
Event: 13.218 GC heap after
Heap after GC invocations=9 (full 1):
 PSYoungGen      total 424960K, used 11285K [0x00000000d5b00000, 0x00000000f3900000, 0x0000000100000000)
  eden space 409600K, 0% used [0x00000000d5b00000,0x00000000d5b00000,0x00000000eeb00000)
  from space 15360K, 73% used [0x00000000efa80000,0x00000000f05855f8,0x00000000f0980000)
  to   space 15872K, 0% used [0x00000000eeb00000,0x00000000eeb00000,0x00000000efa80000)
 ParOldGen       total 51200K, used 15266K [0x0000000081000000, 0x0000000084200000, 0x00000000d5b00000)
  object space 51200K, 29% used [0x0000000081000000,0x0000000081ee8b38,0x0000000084200000)
 Metaspace       used 34322K, capacity 35442K, committed 35496K, reserved 1081344K
  class space    used 4360K, capacity 4595K, committed 4608K, reserved 1048576K
}
Event: 13.218 GC heap before
{Heap before GC invocations=10 (full 2):
 PSYoungGen      total 424960K, used 11285K [0x00000000d5b00000, 0x00000000f3900000, 0x0000000100000000)
  eden space 409600K, 0% used [0x00000000d5b00000,0x00000000d5b00000,0x00000000eeb00000)
  from space 15360K, 73% used [0x00000000efa80000,0x00000000f05855f8,0x00000000f0980000)
  to   space 15872K, 0% used [0x00000000eeb00000,0x00000000eeb00000,0x00000000efa80000)
 ParOldGen       total 51200K, used 15266K [0x0000000081000000, 0x0000000084200000, 0x00000000d5b00000)
  object space 51200K, 29% used [0x0000000081000000,0x0000000081ee8b38,0x0000000084200000)
 Metaspace       used 34322K, capacity 35442K, committed 35496K, reserved 1081344K
  class space    used 4360K, capacity 4595K, committed 4608K, reserved 1048576K
Event: 13.574 GC heap after
Heap after GC invocations=10 (full 2):
 PSYoungGen      total 424960K, used 0K [0x00000000d5b00000, 0x00000000f3900000, 0x0000000100000000)
  eden space 409600K, 0% used [0x00000000d5b00000,0x00000000d5b00000,0x00000000eeb00000)
  from space 15360K, 0% used [0x00000000efa80000,0x00000000efa80000,0x00000000f0980000)
  to   space 15872K, 0% used [0x00000000eeb00000,0x00000000eeb00000,0x00000000efa80000)
 ParOldGen       total 81408K, used 23371K [0x0000000081000000, 0x0000000085f80000, 0x00000000d5b00000)
  object space 81408K, 28% used [0x0000000081000000,0x00000000826d2ea0,0x0000000085f80000)
 Metaspace       used 34322K, capacity 35442K, committed 35496K, reserved 1081344K
  class space    used 4360K, capacity 4595K, committed 4608K, reserved 1048576K
}

