# JRE version: Java(TM) SE Runtime Environment (8.0_152-b16) (build 1.8.0_152-b16)
# Java VM: Java HotSpot(TM) 64-Bit Server VM (25.152-b16 mixed mode windows-amd64 compressed oops)
Heap:
 PSYoungGen      total 138240K, used 121118K [0x00000000d5b00000, 0x00000000e2700000, 0x0000000100000000)
  eden space 133120K, 88% used [0x00000000d5b00000,0x00000000dcd7e6c0,0x00000000ddd00000)
  from space 5120K, 75% used [0x00000000ddd00000,0x00000000de0c9450,0x00000000de200000)
  to   space 9216K, 0% used [0x00000000e1e00000,0x00000000e1e00000,0x00000000e2700000)
 ParOldGen       total 61440K, used 6105K [0x0000000081000000, 0x0000000084c00000, 0x00000000d5b00000)
  object space 61440K, 9% used [0x0000000081000000,0x00000000815f66e0,0x0000000084c00000)
 Metaspace       used 27784K, capacity 28729K, committed 28928K, reserved 1075200K
  class space    used 3509K, capacity 3725K, committed 3840K, reserved 1048576K
GC Heap History (10 events):
Event: 2.062 GC heap before
{Heap before GC invocations=2 (full 0):
 PSYoungGen      total 38400K, used 37313K [0x00000000d5b00000, 0x00000000da600000, 0x0000000100000000)
  eden space 33280K, 100% used [0x00000000d5b00000,0x00000000d7b80000,0x00000000d7b80000)
  from space 5120K, 78% used [0x00000000d7b80000,0x00000000d7f70760,0x00000000d8080000)
  to   space 5120K, 0% used [0x00000000da100000,0x00000000da100000,0x00000000da600000)
 ParOldGen       total 87552K, used 8K [0x0000000081000000, 0x0000000086580000, 0x00000000d5b00000)
  object space 87552K, 0% used [0x0000000081000000,0x0000000081002000,0x0000000086580000)
 Metaspace       used 9072K, capacity 9262K, committed 9344K, reserved 1056768K
  class space    used 1079K, capacity 1150K, committed 1152K, reserved 1048576K
Event: 2.070 GC heap after
Heap after GC invocations=2 (full 0):
 PSYoungGen      total 71680K, used 3186K [0x00000000d5b00000, 0x00000000da600000, 0x0000000100000000)
  eden space 66560K, 0% used [0x00000000d5b00000,0x00000000d5b00000,0x00000000d9c00000)
  from space 5120K, 62% used [0x00000000da100000,0x00000000da41c988,0x00000000da600000)
  to   space 5120K, 0% used [0x00000000d9c00000,0x00000000d9c00000,0x00000000da100000)
 ParOldGen       total 87552K, used 16K [0x0000000081000000, 0x0000000086580000, 0x00000000d5b00000)
  object space 87552K, 0% used [0x0000000081000000,0x0000000081004000,0x0000000086580000)
 Metaspace       used 9072K, capacity 9262K, committed 9344K, reserved 1056768K
  class space    used 1079K, capacity 1150K, committed 1152K, reserved 1048576K
}
Event: 3.721 GC heap before
{Heap before GC invocations=3 (full 0):
 PSYoungGen      total 71680K, used 69746K [0x00000000d5b00000, 0x00000000da600000, 0x0000000100000000)
  eden space 66560K, 100% used [0x00000000d5b00000,0x00000000d9c00000,0x00000000d9c00000)
  from space 5120K, 62% used [0x00000000da100000,0x00000000da41c988,0x00000000da600000)
  to   space 5120K, 0% used [0x00000000d9c00000,0x00000000d9c00000,0x00000000da100000)
 ParOldGen       total 87552K, used 16K [0x0000000081000000, 0x0000000086580000, 0x00000000d5b00000)
  object space 87552K, 0% used [0x0000000081000000,0x0000000081004000,0x0000000086580000)
 Metaspace       used 16368K, capacity 16716K, committed 17024K, reserved 1064960K
  class space    used 2031K, capacity 2143K, committed 2176K, reserved 1048576K
Event: 3.735 GC heap after
Heap after GC invocations=3 (full 0):
 PSYoungGen      total 71680K, used 5091K [0x00000000d5b00000, 0x00000000de700000, 0x0000000100000000)
  eden space 66560K, 0% used [0x00000000d5b00000,0x00000000d5b00000,0x00000000d9c00000)
  from space 5120K, 99% used [0x00000000d9c00000,0x00000000da0f8e68,0x00000000da100000)
  to   space 5120K, 0% used [0x00000000de200000,0x00000000de200000,0x00000000de700000)
 ParOldGen       total 87552K, used 3891K [0x0000000081000000, 0x0000000086580000, 0x00000000d5b00000)
  object space 87552K, 4% used [0x0000000081000000,0x00000000813cce78,0x0000000086580000)
 Metaspace       used 16368K, capacity 16716K, committed 17024K, reserved 1064960K
  class space    used 2031K, capacity 2143K, committed 2176K, reserved 1048576K
}
Event: 5.320 GC heap before
{Heap before GC invocations=4 (full 0):
 PSYoungGen      total 71680K, used 31422K [0x00000000d5b00000, 0x00000000de700000, 0x0000000100000000)
  eden space 66560K, 39% used [0x00000000d5b00000,0x00000000d74b6cb0,0x00000000d9c00000)
  from space 5120K, 99% used [0x00000000d9c00000,0x00000000da0f8e68,0x00000000da100000)
  to   space 5120K, 0% used [0x00000000de200000,0x00000000de200000,0x00000000de700000)
 ParOldGen       total 87552K, used 3891K [0x0000000081000000, 0x0000000086580000, 0x00000000d5b00000)
  object space 87552K, 4% used [0x0000000081000000,0x00000000813cce78,0x0000000086580000)
 Metaspace       used 20634K, capacity 21119K, committed 21296K, reserved 1069056K
  class space    used 2541K, capacity 2688K, committed 2688K, reserved 1048576K
Event: 5.340 GC heap after
Heap after GC invocations=4 (full 0):
 PSYoungGen      total 138240K, used 5098K [0x00000000d5b00000, 0x00000000de700000, 0x0000000100000000)
  eden space 133120K, 0% used [0x00000000d5b00000,0x00000000d5b00000,0x00000000ddd00000)
  from space 5120K, 99% used [0x00000000de200000,0x00000000de6faa08,0x00000000de700000)
  to   space 5120K, 0% used [0x00000000ddd00000,0x00000000ddd00000,0x00000000de200000)
 ParOldGen       total 87552K, used 5000K [0x0000000081000000, 0x0000000086580000, 0x00000000d5b00000)
  object space 87552K, 5% used [0x0000000081000000,0x00000000814e23d0,0x0000000086580000)
 Metaspace       used 20634K, capacity 21119K, committed 21296K, reserved 1069056K
  class space    used 2541K, capacity 2688K, committed 2688K, reserved 1048576K
}
Event: 5.340 GC heap before
{Heap before GC invocations=5 (full 1):
 PSYoungGen      total 138240K, used 5098K [0x00000000d5b00000, 0x00000000de700000, 0x0000000100000000)
  eden space 133120K, 0% used [0x00000000d5b00000,0x00000000d5b00000,0x00000000ddd00000)
  from space 5120K, 99% used [0x00000000de200000,0x00000000de6faa08,0x00000000de700000)
  to   space 5120K, 0% used [0x00000000ddd00000,0x00000000ddd00000,0x00000000de200000)
 ParOldGen       total 87552K, used 5000K [0x0000000081000000, 0x0000000086580000, 0x00000000d5b00000)
  object space 87552K, 5% used [0x0000000081000000,0x00000000814e23d0,0x0000000086580000)
 Metaspace       used 20634K, capacity 21119K, committed 21296K, reserved 1069056K
  class space    used 2541K, capacity 2688K, committed 2688K, reserved 1048576K
Event: 5.452 GC heap after
Heap after GC invocations=5 (full 1):
 PSYoungGen      total 138240K, used 0K [0x00000000d5b00000, 0x00000000de700000, 0x0000000100000000)
  eden space 133120K, 0% used [0x00000000d5b00000,0x00000000d5b00000,0x00000000ddd00000)
  from space 5120K, 0% used [0x00000000de200000,0x00000000de200000,0x00000000de700000)
  to   space 5120K, 0% used [0x00000000ddd00000,0x00000000ddd00000,0x00000000de200000)
 ParOldGen       total 61440K, used 6097K [0x0000000081000000, 0x0000000084c00000, 0x00000000d5b00000)
  object space 61440K, 9% used [0x0000000081000000,0x00000000815f46e0,0x0000000084c00000)
 Metaspace       used 20634K, capacity 21119K, committed 21296K, reserved 1069056K
  class space    used 2541K, capacity 2688K, committed 2688K, reserved 1048576K
}
Event: 7.203 GC heap before
{Heap before GC invocations=6 (full 1):
 PSYoungGen      total 138240K, used 133120K [0x00000000d5b00000, 0x00000000de700000, 0x0000000100000000)
  eden space 133120K, 100% used [0x00000000d5b00000,0x00000000ddd00000,0x00000000ddd00000)
  from space 5120K, 0% used [0x00000000de200000,0x00000000de200000,0x00000000de700000)
  to   space 5120K, 0% used [0x00000000ddd00000,0x00000000ddd00000,0x00000000de200000)
 ParOldGen       total 61440K, used 6097K [0x0000000081000000, 0x0000000084c00000, 0x00000000d5b00000)
  object space 61440K, 9% used [0x0000000081000000,0x00000000815f46e0,0x0000000084c00000)
 Metaspace       used 22191K, capacity 22731K, committed 22832K, reserved 1069056K
  class space    used 2722K, capacity 2885K, committed 2944K, reserved 1048576K
Event: 7.225 GC heap after
Heap after GC invocations=6 (full 1):
 PSYoungGen      total 138240K, used 3877K [0x00000000d5b00000, 0x00000000e2700000, 0x0000000100000000)
  eden space 133120K, 0% used [0x00000000d5b00000,0x00000000d5b00000,0x00000000ddd00000)
  from space 5120K, 75% used [0x00000000ddd00000,0x00000000de0c9450,0x00000000de200000)
  to   space 9216K, 0% used [0x00000000e1e00000,0x00000000e1e00000,0x00000000e2700000)
 ParOldGen       total 61440K, used 6105K [0x0000000081000000, 0x0000000084c00000, 0x00000000d5b00000)
  object space 61440K, 9% used [0x0000000081000000,0x00000000815f66e0,0x0000000084c00000)
 Metaspace       used 22191K, capacity 22731K, committed 22832K, reserved 1069056K
  class space    used 2722K, capacity 2885K, committed 2944K, reserved 1048576K
}

