# JRE version: Java(TM) SE Runtime Environment (8.0_152-b16) (build 1.8.0_152-b16)
# Java VM: Java HotSpot(TM) 64-Bit Server VM (25.152-b16 mixed mode windows-amd64 compressed oops)
Heap:
 PSYoungGen      total 230912K, used 168750K [0x00000000d5b00000, 0x00000000e5000000, 0x0000000100000000)
  eden space 217600K, 71% used [0x00000000d5b00000,0x00000000df2d35e8,0x00000000e2f80000)
  from space 13312K, 99% used [0x00000000e4300000,0x00000000e4ff8278,0x00000000e5000000)
  to   space 16384K, 0% used [0x00000000e3000000,0x00000000e3000000,0x00000000e4000000)
 ParOldGen       total 88064K, used 22519K [0x0000000081000000, 0x0000000086600000, 0x00000000d5b00000)
  object space 88064K, 25% used [0x0000000081000000,0x00000000825fdc78,0x0000000086600000)
 Metaspace       used 51991K, capacity 53723K, committed 53888K, reserved 1095680K
  class space    used 6830K, capacity 7198K, committed 7296K, reserved 1048576K
GC Heap History (10 events):
Event: 8.317 GC heap before
{Heap before GC invocations=8 (full 1):
 PSYoungGen      total 111104K, used 110830K [0x00000000d5b00000, 0x00000000de800000, 0x0000000100000000)
  eden space 108032K, 100% used [0x00000000d5b00000,0x00000000dc480000,0x00000000dc480000)
  from space 3072K, 91% used [0x00000000de500000,0x00000000de7bba10,0x00000000de800000)
  to   space 8192K, 0% used [0x00000000dd800000,0x00000000dd800000,0x00000000de000000)
 ParOldGen       total 52736K, used 6082K [0x0000000081000000, 0x0000000084380000, 0x00000000d5b00000)
  object space 52736K, 11% used [0x0000000081000000,0x00000000815f0810,0x0000000084380000)
 Metaspace       used 24164K, capacity 24865K, committed 24960K, reserved 1071104K
  class space    used 3010K, capacity 3166K, committed 3200K, reserved 1048576K
Event: 8.328 GC heap after
Heap after GC invocations=8 (full 1):
 PSYoungGen      total 136192K, used 5370K [0x00000000d5b00000, 0x00000000e1080000, 0x0000000100000000)
  eden space 128000K, 0% used [0x00000000d5b00000,0x00000000d5b00000,0x00000000dd800000)
  from space 8192K, 65% used [0x00000000dd800000,0x00000000ddd3e868,0x00000000de000000)
  to   space 8192K, 0% used [0x00000000e0880000,0x00000000e0880000,0x00000000e1080000)
 ParOldGen       total 52736K, used 6090K [0x0000000081000000, 0x0000000084380000, 0x00000000d5b00000)
  object space 52736K, 11% used [0x0000000081000000,0x00000000815f2810,0x0000000084380000)
 Metaspace       used 24164K, capacity 24865K, committed 24960K, reserved 1071104K
  class space    used 3010K, capacity 3166K, committed 3200K, reserved 1048576K
}
Event: 12.022 GC heap before
{Heap before GC invocations=9 (full 1):
 PSYoungGen      total 136192K, used 133370K [0x00000000d5b00000, 0x00000000e1080000, 0x0000000100000000)
  eden space 128000K, 100% used [0x00000000d5b00000,0x00000000dd800000,0x00000000dd800000)
  from space 8192K, 65% used [0x00000000dd800000,0x00000000ddd3e868,0x00000000de000000)
  to   space 8192K, 0% used [0x00000000e0880000,0x00000000e0880000,0x00000000e1080000)
 ParOldGen       total 52736K, used 6090K [0x0000000081000000, 0x0000000084380000, 0x00000000d5b00000)
  object space 52736K, 11% used [0x0000000081000000,0x00000000815f2810,0x0000000084380000)
 Metaspace       used 31948K, capacity 32997K, committed 33280K, reserved 1079296K
  class space    used 4073K, capacity 4313K, committed 4352K, reserved 1048576K
Event: 12.073 GC heap after
Heap after GC invocations=9 (full 1):
 PSYoungGen      total 173568K, used 8179K [0x00000000d5b00000, 0x00000000e3180000, 0x0000000100000000)
  eden space 165376K, 0% used [0x00000000d5b00000,0x00000000d5b00000,0x00000000dfc80000)
  from space 8192K, 99% used [0x00000000e0880000,0x00000000e107cef0,0x00000000e1080000)
  to   space 12288K, 0% used [0x00000000dfc80000,0x00000000dfc80000,0x00000000e0880000)
 ParOldGen       total 52736K, used 12968K [0x0000000081000000, 0x0000000084380000, 0x00000000d5b00000)
  object space 52736K, 24% used [0x0000000081000000,0x0000000081caa130,0x0000000084380000)
 Metaspace       used 31948K, capacity 32997K, committed 33280K, reserved 1079296K
  class space    used 4073K, capacity 4313K, committed 4352K, reserved 1048576K
}
Event: 14.171 GC heap before
{Heap before GC invocations=10 (full 1):
 PSYoungGen      total 173568K, used 125880K [0x00000000d5b00000, 0x00000000e3180000, 0x0000000100000000)
  eden space 165376K, 71% used [0x00000000d5b00000,0x00000000dcdf1230,0x00000000dfc80000)
  from space 8192K, 99% used [0x00000000e0880000,0x00000000e107cef0,0x00000000e1080000)
  to   space 12288K, 0% used [0x00000000dfc80000,0x00000000dfc80000,0x00000000e0880000)
 ParOldGen       total 52736K, used 12968K [0x0000000081000000, 0x0000000084380000, 0x00000000d5b00000)
  object space 52736K, 24% used [0x0000000081000000,0x0000000081caa130,0x0000000084380000)
 Metaspace       used 34328K, capacity 35435K, committed 35496K, reserved 1081344K
  class space    used 4364K, capacity 4596K, committed 4608K, reserved 1048576K
Event: 14.330 GC heap after
Heap after GC invocations=10 (full 1):
 PSYoungGen      total 177664K, used 10791K [0x00000000d5b00000, 0x00000000e5000000, 0x0000000100000000)
  eden space 165376K, 0% used [0x00000000d5b00000,0x00000000d5b00000,0x00000000dfc80000)
  from space 12288K, 87% used [0x00000000dfc80000,0x00000000e0709fa8,0x00000000e0880000)
  to   space 13312K, 0% used [0x00000000e4300000,0x00000000e4300000,0x00000000e5000000)
 ParOldGen       total 52736K, used 14232K [0x0000000081000000, 0x0000000084380000, 0x00000000d5b00000)
  object space 52736K, 26% used [0x0000000081000000,0x0000000081de6130,0x0000000084380000)
 Metaspace       used 34328K, capacity 35435K, committed 35496K, reserved 1081344K
  class space    used 4364K, capacity 4596K, committed 4608K, reserved 1048576K
}
Event: 14.330 GC heap before
{Heap before GC invocations=11 (full 2):
 PSYoungGen      total 177664K, used 10791K [0x00000000d5b00000, 0x00000000e5000000, 0x0000000100000000)
  eden space 165376K, 0% used [0x00000000d5b00000,0x00000000d5b00000,0x00000000dfc80000)
  from space 12288K, 87% used [0x00000000dfc80000,0x00000000e0709fa8,0x00000000e0880000)
  to   space 13312K, 0% used [0x00000000e4300000,0x00000000e4300000,0x00000000e5000000)
 ParOldGen       total 52736K, used 14232K [0x0000000081000000, 0x0000000084380000, 0x00000000d5b00000)
  object space 52736K, 26% used [0x0000000081000000,0x0000000081de6130,0x0000000084380000)
 Metaspace       used 34328K, capacity 35435K, committed 35496K, reserved 1081344K
  class space    used 4364K, capacity 4596K, committed 4608K, reserved 1048576K
Event: 14.660 GC heap after
Heap after GC invocations=11 (full 2):
 PSYoungGen      total 177664K, used 0K [0x00000000d5b00000, 0x00000000e5000000, 0x0000000100000000)
  eden space 165376K, 0% used [0x00000000d5b00000,0x00000000d5b00000,0x00000000dfc80000)
  from space 12288K, 0% used [0x00000000dfc80000,0x00000000dfc80000,0x00000000e0880000)
  to   space 13312K, 0% used [0x00000000e4300000,0x00000000e4300000,0x00000000e5000000)
 ParOldGen       total 88064K, used 18980K [0x0000000081000000, 0x0000000086600000, 0x00000000d5b00000)
  object space 88064K, 21% used [0x0000000081000000,0x0000000082289360,0x0000000086600000)
 Metaspace       used 34328K, capacity 35435K, committed 35496K, reserved 1081344K
  class space    used 4364K, capacity 4596K, committed 4608K, reserved 1048576K
}
Event: 18.895 GC heap before
{Heap before GC invocations=12 (full 2):
 PSYoungGen      total 177664K, used 165376K [0x00000000d5b00000, 0x00000000e5000000, 0x0000000100000000)
  eden space 165376K, 100% used [0x00000000d5b00000,0x00000000dfc80000,0x00000000dfc80000)
  from space 12288K, 0% used [0x00000000dfc80000,0x00000000dfc80000,0x00000000e0880000)
  to   space 13312K, 0% used [0x00000000e4300000,0x00000000e4300000,0x00000000e5000000)
 ParOldGen       total 88064K, used 18980K [0x0000000081000000, 0x0000000086600000, 0x00000000d5b00000)
  object space 88064K, 21% used [0x0000000081000000,0x0000000082289360,0x0000000086600000)
 Metaspace       used 49180K, capacity 50797K, committed 50944K, reserved 1093632K
  class space    used 6466K, capacity 6793K, committed 6912K, reserved 1048576K
Event: 18.986 GC heap after
Heap after GC invocations=12 (full 2):
 PSYoungGen      total 230912K, used 13280K [0x00000000d5b00000, 0x00000000e5000000, 0x0000000100000000)
  eden space 217600K, 0% used [0x00000000d5b00000,0x00000000d5b00000,0x00000000e2f80000)
  from space 13312K, 99% used [0x00000000e4300000,0x00000000e4ff8278,0x00000000e5000000)
  to   space 16384K, 0% used [0x00000000e3000000,0x00000000e3000000,0x00000000e4000000)
 ParOldGen       total 88064K, used 22519K [0x0000000081000000, 0x0000000086600000, 0x00000000d5b00000)
  object space 88064K, 25% used [0x0000000081000000,0x00000000825fdc78,0x0000000086600000)
 Metaspace       used 49180K, capacity 50797K, committed 50944K, reserved 1093632K
  class space    used 6466K, capacity 6793K, committed 6912K, reserved 1048576K
}

